<?xml version="1.0" encoding="UTF-8"?>
<testsuite name="com.abhilashgd.gradledocumentation.GradledocumentationApplicationTests" tests="1" skipped="0" failures="0" errors="0" timestamp="2022-01-15T08:15:22" hostname="abhilashs-Air" time="0.351">
  <properties/>
  <testcase name="contextLoads()" classname="com.abhilashgd.gradledocumentation.GradledocumentationApplicationTests" time="0.351"/>
  <system-out><![CDATA[13:45:13.397 [Test worker] DEBUG org.springframework.test.context.BootstrapUtils - Instantiating CacheAwareContextLoaderDelegate from class [org.springframework.test.context.cache.DefaultCacheAwareContextLoaderDelegate]
13:45:13.425 [Test worker] DEBUG org.springframework.test.context.BootstrapUtils - Instantiating BootstrapContext using constructor [public org.springframework.test.context.support.DefaultBootstrapContext(java.lang.Class,org.springframework.test.context.CacheAwareContextLoaderDelegate)]
13:45:13.527 [Test worker] DEBUG org.springframework.test.context.BootstrapUtils - Instantiating TestContextBootstrapper for test class [com.abhilashgd.gradledocumentation.GradledocumentationApplicationTests] from class [org.springframework.boot.test.context.SpringBootTestContextBootstrapper]
13:45:13.568 [Test worker] INFO org.springframework.boot.test.context.SpringBootTestContextBootstrapper - Neither @ContextConfiguration nor @ContextHierarchy found for test class [com.abhilashgd.gradledocumentation.GradledocumentationApplicationTests], using SpringBootContextLoader
13:45:13.579 [Test worker] DEBUG org.springframework.test.context.support.AbstractContextLoader - Did not detect default resource location for test class [com.abhilashgd.gradledocumentation.GradledocumentationApplicationTests]: class path resource [com/abhilashgd/gradledocumentation/GradledocumentationApplicationTests-context.xml] does not exist
13:45:13.580 [Test worker] DEBUG org.springframework.test.context.support.AbstractContextLoader - Did not detect default resource location for test class [com.abhilashgd.gradledocumentation.GradledocumentationApplicationTests]: class path resource [com/abhilashgd/gradledocumentation/GradledocumentationApplicationTestsContext.groovy] does not exist
13:45:13.581 [Test worker] INFO org.springframework.test.context.support.AbstractContextLoader - Could not detect default resource locations for test class [com.abhilashgd.gradledocumentation.GradledocumentationApplicationTests]: no resource found for suffixes {-context.xml, Context.groovy}.
13:45:13.584 [Test worker] INFO org.springframework.test.context.support.AnnotationConfigContextLoaderUtils - Could not detect default configuration classes for test class [com.abhilashgd.gradledocumentation.GradledocumentationApplicationTests]: GradledocumentationApplicationTests does not declare any static, non-private, non-final, nested classes annotated with @Configuration.
13:45:13.772 [Test worker] DEBUG org.springframework.test.context.support.ActiveProfilesUtils - Could not find an 'annotation declaring class' for annotation type [org.springframework.test.context.ActiveProfiles] and class [com.abhilashgd.gradledocumentation.GradledocumentationApplicationTests]
13:45:13.913 [Test worker] DEBUG org.springframework.context.annotation.ClassPathScanningCandidateComponentProvider - Identified candidate component class: file [/Users/abhilashgd/Documents/for_git_push/GRADLE-DOCS/build/classes/java/main/com/abhilashgd/gradledocumentation/GradledocumentationApplication.class]
13:45:13.915 [Test worker] INFO org.springframework.boot.test.context.SpringBootTestContextBootstrapper - Found @SpringBootConfiguration com.abhilashgd.gradledocumentation.GradledocumentationApplication for test class com.abhilashgd.gradledocumentation.GradledocumentationApplicationTests
13:45:14.134 [Test worker] DEBUG org.springframework.boot.test.context.SpringBootTestContextBootstrapper - @TestExecutionListeners is not present for class [com.abhilashgd.gradledocumentation.GradledocumentationApplicationTests]: using defaults.
13:45:14.135 [Test worker] INFO org.springframework.boot.test.context.SpringBootTestContextBootstrapper - Loaded default TestExecutionListener class names from location [META-INF/spring.factories]: [org.springframework.boot.test.autoconfigure.restdocs.RestDocsTestExecutionListener, org.springframework.boot.test.autoconfigure.web.client.MockRestServiceServerResetTestExecutionListener, org.springframework.boot.test.autoconfigure.web.servlet.MockMvcPrintOnlyOnFailureTestExecutionListener, org.springframework.boot.test.autoconfigure.web.servlet.WebDriverTestExecutionListener, org.springframework.boot.test.autoconfigure.webservices.client.MockWebServiceServerTestExecutionListener, org.springframework.boot.test.mock.mockito.MockitoTestExecutionListener, org.springframework.boot.test.mock.mockito.ResetMocksTestExecutionListener, org.springframework.test.context.web.ServletTestExecutionListener, org.springframework.test.context.support.DirtiesContextBeforeModesTestExecutionListener, org.springframework.test.context.event.ApplicationEventsTestExecutionListener, org.springframework.test.context.support.DependencyInjectionTestExecutionListener, org.springframework.test.context.support.DirtiesContextTestExecutionListener, org.springframework.test.context.transaction.TransactionalTestExecutionListener, org.springframework.test.context.jdbc.SqlScriptsTestExecutionListener, org.springframework.test.context.event.EventPublishingTestExecutionListener]
13:45:14.169 [Test worker] INFO org.springframework.boot.test.context.SpringBootTestContextBootstrapper - Using TestExecutionListeners: [org.springframework.test.context.web.ServletTestExecutionListener@fd8294b, org.springframework.test.context.support.DirtiesContextBeforeModesTestExecutionListener@5974109, org.springframework.test.context.event.ApplicationEventsTestExecutionListener@27305e6, org.springframework.boot.test.mock.mockito.MockitoTestExecutionListener@1ef3efa8, org.springframework.boot.test.autoconfigure.SpringBootDependencyInjectionTestExecutionListener@502f1f4c, org.springframework.test.context.support.DirtiesContextTestExecutionListener@6f8f9349, org.springframework.test.context.transaction.TransactionalTestExecutionListener@75c9e76b, org.springframework.test.context.jdbc.SqlScriptsTestExecutionListener@7446d8d5, org.springframework.test.context.event.EventPublishingTestExecutionListener@5c3b6c6e, org.springframework.boot.test.autoconfigure.restdocs.RestDocsTestExecutionListener@4fbda97b, org.springframework.boot.test.autoconfigure.web.client.MockRestServiceServerResetTestExecutionListener@75f5fd58, org.springframework.boot.test.autoconfigure.web.servlet.MockMvcPrintOnlyOnFailureTestExecutionListener@37b70343, org.springframework.boot.test.autoconfigure.web.servlet.WebDriverTestExecutionListener@306851c7, org.springframework.boot.test.autoconfigure.webservices.client.MockWebServiceServerTestExecutionListener@12bcd0c0, org.springframework.boot.test.mock.mockito.ResetMocksTestExecutionListener@4879f0f2]
13:45:14.177 [Test worker] DEBUG org.springframework.test.context.support.AbstractDirtiesContextTestExecutionListener - Before test class: context [DefaultTestContext@61884cb1 testClass = GradledocumentationApplicationTests, testInstance = [null], testMethod = [null], testException = [null], mergedContextConfiguration = [WebMergedContextConfiguration@75ed9710 testClass = GradledocumentationApplicationTests, locations = '{}', classes = '{class com.abhilashgd.gradledocumentation.GradledocumentationApplication}', contextInitializerClasses = '[]', activeProfiles = '{}', propertySourceLocations = '{}', propertySourceProperties = '{org.springframework.boot.test.context.SpringBootTestContextBootstrapper=true}', contextCustomizers = set[org.springframework.boot.test.autoconfigure.actuate.metrics.MetricsExportContextCustomizerFactory$DisableMetricExportContextCustomizer@79dc5318, org.springframework.boot.test.autoconfigure.properties.PropertyMappingContextCustomizer@0, org.springframework.boot.test.autoconfigure.web.servlet.WebDriverContextCustomizerFactory$Customizer@51549490, org.springframework.boot.test.context.filter.ExcludeFilterContextCustomizer@7daa0fbd, org.springframework.boot.test.json.DuplicateJsonObjectContextCustomizerFactory$DuplicateJsonObjectContextCustomizer@181e731e, org.springframework.boot.test.mock.mockito.MockitoContextCustomizer@0, org.springframework.boot.test.web.client.TestRestTemplateContextCustomizer@3bd323e9, org.springframework.boot.test.context.SpringBootTestArgs@1, org.springframework.boot.test.context.SpringBootTestWebEnvironment@5aebe890], resourceBasePath = 'src/main/webapp', contextLoader = 'org.springframework.boot.test.context.SpringBootContextLoader', parent = [null]], attributes = map['org.springframework.test.context.web.ServletTestExecutionListener.activateListener' -> true]], class annotated with @DirtiesContext [false] with mode [null].
13:45:14.277 [Test worker] DEBUG org.springframework.boot.ApplicationServletEnvironment - Activating profiles []
13:45:14.280 [Test worker] DEBUG org.springframework.test.context.support.TestPropertySourceUtils - Adding inlined properties to environment: {spring.jmx.enabled=false, org.springframework.boot.test.context.SpringBootTestContextBootstrapper=true}

  .   ____          _            __ _ _
 /\\ / ___'_ __ _ _(_)_ __  __ _ \ \ \ \
( ( )\___ | '_ | '_| | '_ \/ _` | \ \ \ \
 \\/  ___)| |_)| | | | | || (_| |  ) ) ) )
  '  |____| .__|_| |_|_| |_\__, | / / / /
 =========|_|==============|___/=/_/_/_/
 :: Spring Boot ::                (v2.6.2)

2022-01-15 13:45:15.003  INFO 2303 --- [    Test worker] .a.g.GradledocumentationApplicationTests : Starting GradledocumentationApplicationTests using Java 17.0.1 on abhilashs-Air with PID 2303 (started by abhilashgd in /Users/abhilashgd/Documents/for_git_push/GRADLE-DOCS)
2022-01-15 13:45:15.008  INFO 2303 --- [    Test worker] .a.g.GradledocumentationApplicationTests : No active profile set, falling back to default profiles: default
2022-01-15 13:45:16.416  INFO 2303 --- [    Test worker] .s.d.r.c.RepositoryConfigurationDelegate : Bootstrapping Spring Data JPA repositories in DEFAULT mode.
2022-01-15 13:45:16.503  INFO 2303 --- [    Test worker] .s.d.r.c.RepositoryConfigurationDelegate : Finished Spring Data repository scanning in 73 ms. Found 1 JPA repository interfaces.
2022-01-15 13:45:17.431  INFO 2303 --- [    Test worker] o.hibernate.jpa.internal.util.LogHelper  : HHH000204: Processing PersistenceUnitInfo [name: default]
2022-01-15 13:45:17.509  INFO 2303 --- [    Test worker] org.hibernate.Version                    : HHH000412: Hibernate ORM core version 5.6.3.Final
2022-01-15 13:45:17.784  INFO 2303 --- [    Test worker] o.hibernate.annotations.common.Version   : HCANN000001: Hibernate Commons Annotations {5.1.2.Final}
2022-01-15 13:45:17.944  INFO 2303 --- [    Test worker] com.zaxxer.hikari.HikariDataSource       : HikariPool-1 - Starting...
2022-01-15 13:45:18.309  INFO 2303 --- [    Test worker] com.zaxxer.hikari.HikariDataSource       : HikariPool-1 - Start completed.
2022-01-15 13:45:18.340  INFO 2303 --- [    Test worker] org.hibernate.dialect.Dialect            : HHH000400: Using dialect: org.hibernate.dialect.PostgreSQLDialect
Hibernate: 
    
    drop table if exists student cascade
2022-01-15 13:45:19.524  WARN 2303 --- [    Test worker] o.h.engine.jdbc.spi.SqlExceptionHelper   : SQL Warning Code: 0, SQLState: 00000
2022-01-15 13:45:19.524  WARN 2303 --- [    Test worker] o.h.engine.jdbc.spi.SqlExceptionHelper   : table "student" does not exist, skipping
Hibernate: 
    
    drop sequence if exists student_sequence
2022-01-15 13:45:19.529  WARN 2303 --- [    Test worker] o.h.engine.jdbc.spi.SqlExceptionHelper   : SQL Warning Code: 0, SQLState: 00000
2022-01-15 13:45:19.529  WARN 2303 --- [    Test worker] o.h.engine.jdbc.spi.SqlExceptionHelper   : sequence "student_sequence" does not exist, skipping
Hibernate: create sequence student_sequence start 1 increment 1
Hibernate: 
    
    create table student (
       id int8 not null,
        dob date,
        email varchar(255),
        name varchar(255),
        primary key (id)
    )
2022-01-15 13:45:19.581  INFO 2303 --- [    Test worker] o.h.e.t.j.p.i.JtaPlatformInitiator       : HHH000490: Using JtaPlatform implementation: [org.hibernate.engine.transaction.jta.platform.internal.NoJtaPlatform]
2022-01-15 13:45:19.603  INFO 2303 --- [    Test worker] j.LocalContainerEntityManagerFactoryBean : Initialized JPA EntityManagerFactory for persistence unit 'default'
2022-01-15 13:45:20.757  WARN 2303 --- [    Test worker] JpaBaseConfiguration$JpaWebConfiguration : spring.jpa.open-in-view is enabled by default. Therefore, database queries may be performed during view rendering. Explicitly configure spring.jpa.open-in-view to disable this warning
2022-01-15 13:45:21.873  INFO 2303 --- [    Test worker] .a.g.GradledocumentationApplicationTests : Started GradledocumentationApplicationTests in 7.591 seconds (JVM running for 11.013)
Hibernate: 
    select
        nextval ('student_sequence')
Hibernate: 
    select
        nextval ('student_sequence')
Hibernate: 
    insert 
    into
        student
        (dob, email, name, id) 
    values
        (?, ?, ?, ?)
Hibernate: 
    insert 
    into
        student
        (dob, email, name, id) 
    values
        (?, ?, ?, ?)
]]></system-out>
  <system-err><![CDATA[]]></system-err>
</testsuite>
